[debug] [2024-09-23T13:53:22.696Z] ----------------------------------------------------------------------
[debug] [2024-09-23T13:53:22.697Z] Command:       /usr/local/bin/node /opt/homebrew/bin/firebase init hosting
[debug] [2024-09-23T13:53:22.697Z] CLI Version:   11.16.1
[debug] [2024-09-23T13:53:22.697Z] Platform:      darwin
[debug] [2024-09-23T13:53:22.697Z] Node Version:  v18.3.0
[debug] [2024-09-23T13:53:22.698Z] Time:          Mon Sep 23 2024 19:23:22 GMT+0530 (India Standard Time)
[debug] [2024-09-23T13:53:22.698Z] ----------------------------------------------------------------------
[debug] 
[debug] [2024-09-23T13:53:22.728Z] > command requires scopes: ["email","openid","https://www.googleapis.com/auth/cloudplatformprojects.readonly","https://www.googleapis.com/auth/firebase","https://www.googleapis.com/auth/cloud-platform"]
[debug] [2024-09-23T13:53:22.729Z] > authorizing via signed-in user (srambabu@souvenirapps.com)
[info] 
     ######## #### ########  ######## ########     ###     ######  ########
     ##        ##  ##     ## ##       ##     ##  ##   ##  ##       ##
     ######    ##  ########  ######   ########  #########  ######  ######
     ##        ##  ##    ##  ##       ##     ## ##     ##       ## ##
     ##       #### ##     ## ######## ########  ##     ##  ######  ########

You're about to initialize a Firebase project in this directory:

  /Users/rambabusomavarapu

Before we get started, keep in mind:

  * You are initializing within an existing Firebase project directory

[info] 
=== Project Setup
[info] 
[info] First, let's associate this project directory with a Firebase project.
[info] You can create multiple project aliases by running firebase use --add, 
[info] but for now we'll just set up a default project.
[info] 
[debug] [2024-09-23T13:53:22.730Z] Using project from CLI flag: extract-electoral-rolls-f8482
[debug] [2024-09-23T13:53:22.731Z] > refreshing access token with scopes: []
[debug] [2024-09-23T13:53:22.731Z] >>> [apiv2][query] POST https://www.googleapis.com/oauth2/v3/token [none]
[debug] [2024-09-23T13:53:22.731Z] >>> [apiv2][body] POST https://www.googleapis.com/oauth2/v3/token [omitted]
[debug] [2024-09-23T13:53:22.938Z] <<< [apiv2][status] POST https://www.googleapis.com/oauth2/v3/token 400
[debug] [2024-09-23T13:53:22.938Z] <<< [apiv2][body] POST https://www.googleapis.com/oauth2/v3/token [omitted]
[debug] [2024-09-23T13:53:22.939Z] >>> [apiv2][query] GET https://firebase.googleapis.com/v1beta1/projects/extract-electoral-rolls-f8482 [none]
[debug] [2024-09-23T13:53:23.133Z] <<< [apiv2][status] GET https://firebase.googleapis.com/v1beta1/projects/extract-electoral-rolls-f8482 401
[debug] [2024-09-23T13:53:23.133Z] <<< [apiv2][body] GET https://firebase.googleapis.com/v1beta1/projects/extract-electoral-rolls-f8482 {"error":{"code":401,"message":"Request had invalid authentication credentials. Expected OAuth 2 access token, login cookie or other valid authentication credential. See https://developers.google.com/identity/sign-in/web/devconsole-project.","status":"UNAUTHENTICATED"}}
[debug] [2024-09-23T13:53:23.134Z] HTTP Error: 401, Request had invalid authentication credentials. Expected OAuth 2 access token, login cookie or other valid authentication credential. See https://developers.google.com/identity/sign-in/web/devconsole-project.
[debug] [2024-09-23T13:53:23.144Z] FirebaseError: HTTP Error: 401, Request had invalid authentication credentials. Expected OAuth 2 access token, login cookie or other valid authentication credential. See https://developers.google.com/identity/sign-in/web/devconsole-project.
    at responseToError (/opt/homebrew/lib/node_modules/firebase-tools/lib/responseToError.js:49:12)
    at RetryOperation._fn (/opt/homebrew/lib/node_modules/firebase-tools/lib/apiv2.js:288:77)
    at process.processTicksAndRejections (node:internal/process/task_queues:95:5)
[error] 
[error] Error: Failed to get Firebase project extract-electoral-rolls-f8482. Please make sure the project exists and your account has permission to access it.
